<?xml version="1.0" encoding="UTF-8"?>
<testsuite name="br.com.rbarbioni.bluebank.service.LoginServiceTest" tests="3" skipped="0" failures="0" errors="0" timestamp="2017-04-05T23:56:43" hostname="DESKTOP-EV06N04" time="0.359">
  <properties/>
  <testcase name="loginInvalido" classname="br.com.rbarbioni.bluebank.service.LoginServiceTest" time="0.086"/>
  <testcase name="login" classname="br.com.rbarbioni.bluebank.service.LoginServiceTest" time="0.156"/>
  <testcase name="loginSenhaInvalido" classname="br.com.rbarbioni.bluebank.service.LoginServiceTest" time="0.094"/>
  <system-out><![CDATA[2017-04-05 20:56:43.664  INFO 4172 --- [    Test worker] .b.t.c.SpringBootTestContextBootstrapper : Neither @ContextConfiguration nor @ContextHierarchy found for test class [br.com.rbarbioni.bluebank.service.LoginServiceTest], using SpringBootContextLoader
2017-04-05 20:56:43.675  INFO 4172 --- [    Test worker] o.s.t.c.support.AbstractContextLoader    : Could not detect default resource locations for test class [br.com.rbarbioni.bluebank.service.LoginServiceTest]: no resource found for suffixes {-context.xml, Context.groovy}.
2017-04-05 20:56:43.677  INFO 4172 --- [    Test worker] t.c.s.AnnotationConfigContextLoaderUtils : Could not detect default configuration classes for test class [br.com.rbarbioni.bluebank.service.LoginServiceTest]: LoginServiceTest does not declare any static, non-private, non-final, nested classes annotated with @Configuration.
2017-04-05 20:56:43.696  INFO 4172 --- [    Test worker] .b.t.c.SpringBootTestContextBootstrapper : Found @SpringBootConfiguration br.com.rbarbioni.bluebank.Application for test class br.com.rbarbioni.bluebank.service.LoginServiceTest
2017-04-05 20:56:43.703 DEBUG 4172 --- [    Test worker] .b.t.c.SpringBootTestContextBootstrapper : @TestExecutionListeners is not present for class [br.com.rbarbioni.bluebank.service.LoginServiceTest]: using defaults.
2017-04-05 20:56:43.794  INFO 4172 --- [    Test worker] .b.t.c.SpringBootTestContextBootstrapper : Loaded default TestExecutionListener class names from location [META-INF/spring.factories]: [org.springframework.boot.test.mock.mockito.MockitoTestExecutionListener, org.springframework.boot.test.mock.mockito.ResetMocksTestExecutionListener, org.springframework.boot.test.autoconfigure.restdocs.RestDocsTestExecutionListener, org.springframework.boot.test.autoconfigure.web.client.MockRestServiceServerResetTestExecutionListener, org.springframework.boot.test.autoconfigure.web.servlet.MockMvcPrintOnlyOnFailureTestExecutionListener, org.springframework.boot.test.autoconfigure.web.servlet.WebDriverTestExecutionListener, org.springframework.test.context.web.ServletTestExecutionListener, org.springframework.test.context.support.DirtiesContextBeforeModesTestExecutionListener, org.springframework.test.context.support.DependencyInjectionTestExecutionListener, org.springframework.test.context.support.DirtiesContextTestExecutionListener, org.springframework.test.context.transaction.TransactionalTestExecutionListener, org.springframework.test.context.jdbc.SqlScriptsTestExecutionListener]
2017-04-05 20:56:43.811  INFO 4172 --- [    Test worker] .b.t.c.SpringBootTestContextBootstrapper : Using TestExecutionListeners: [org.springframework.test.context.web.ServletTestExecutionListener@5bab2e93, org.springframework.test.context.support.DirtiesContextBeforeModesTestExecutionListener@175eafb1, org.springframework.boot.test.autoconfigure.SpringBootDependencyInjectionTestExecutionListener@3a1c1b8d, org.springframework.test.context.support.DirtiesContextTestExecutionListener@1c15fe8c, org.springframework.test.context.transaction.TransactionalTestExecutionListener@1ec8942b, org.springframework.test.context.jdbc.SqlScriptsTestExecutionListener@7c899364, org.springframework.boot.test.autoconfigure.web.client.MockRestServiceServerResetTestExecutionListener@26932f0b, org.springframework.boot.test.mock.mockito.ResetMocksTestExecutionListener@15c144cb, org.springframework.boot.test.autoconfigure.web.servlet.MockMvcPrintOnlyOnFailureTestExecutionListener@4ff2e394, org.springframework.boot.test.autoconfigure.web.servlet.WebDriverTestExecutionListener@7fd04bbd, org.springframework.boot.test.mock.mockito.MockitoTestExecutionListener@4004d83b, org.springframework.boot.test.autoconfigure.restdocs.RestDocsTestExecutionListener@5ffc2bec]
2017-04-05 20:56:43.987  INFO 4172 --- [    Test worker] o.s.t.c.transaction.TransactionContext   : Began transaction (1) for test context [DefaultTestContext@6c31616f testClass = LoginServiceTest, testInstance = br.com.rbarbioni.bluebank.service.LoginServiceTest@512fc373, testMethod = loginInvalido@LoginServiceTest, testException = [null], mergedContextConfiguration = [WebMergedContextConfiguration@7ca8dc4 testClass = LoginServiceTest, locations = '{}', classes = '{class br.com.rbarbioni.bluebank.Application}', contextInitializerClasses = '[]', activeProfiles = '{}', propertySourceLocations = '{}', propertySourceProperties = '{org.springframework.boot.test.context.SpringBootTestContextBootstrapper=true}', contextCustomizers = set[org.springframework.boot.test.context.SpringBootTestContextCustomizer@1fbfa2d3, org.springframework.boot.test.context.filter.ExcludeFilterContextCustomizer@39e89201, org.springframework.boot.test.mock.mockito.MockitoContextCustomizer@0, org.springframework.boot.test.autoconfigure.properties.PropertyMappingContextCustomizer@0, org.springframework.boot.test.autoconfigure.web.servlet.WebDriverContextCustomizerFactory$Customizer@1d9b6825], resourceBasePath = 'src/main/webapp', contextLoader = 'org.springframework.boot.test.context.SpringBootContextLoader', parent = [null]]]; transaction manager [org.springframework.orm.jpa.JpaTransactionManager@3b6858c1]; rollback [true]
2017-04-05 20:56:44.006 DEBUG 4172 --- [    Test worker] org.hibernate.SQL                        : select account0_.id as id1_0_, account0_.created_date as created_2_0_, account0_.modified_date as modified3_0_, account0_.agencia as agencia4_0_, account0_.cpf as cpf5_0_, account0_.numero as numero6_0_, account0_.password as password7_0_, account0_.saldo as saldo8_0_ from account account0_ where account0_.cpf=? and account0_.agencia=? and account0_.numero=?
Hibernate: select account0_.id as id1_0_, account0_.created_date as created_2_0_, account0_.modified_date as modified3_0_, account0_.agencia as agencia4_0_, account0_.cpf as cpf5_0_, account0_.numero as numero6_0_, account0_.password as password7_0_, account0_.saldo as saldo8_0_ from account account0_ where account0_.cpf=? and account0_.agencia=? and account0_.numero=?
2017-04-05 20:56:44.061  INFO 4172 --- [    Test worker] o.s.t.c.transaction.TransactionContext   : Rolled back transaction for test context [DefaultTestContext@6c31616f testClass = LoginServiceTest, testInstance = br.com.rbarbioni.bluebank.service.LoginServiceTest@512fc373, testMethod = loginInvalido@LoginServiceTest, testException = [null], mergedContextConfiguration = [WebMergedContextConfiguration@7ca8dc4 testClass = LoginServiceTest, locations = '{}', classes = '{class br.com.rbarbioni.bluebank.Application}', contextInitializerClasses = '[]', activeProfiles = '{}', propertySourceLocations = '{}', propertySourceProperties = '{org.springframework.boot.test.context.SpringBootTestContextBootstrapper=true}', contextCustomizers = set[org.springframework.boot.test.context.SpringBootTestContextCustomizer@1fbfa2d3, org.springframework.boot.test.context.filter.ExcludeFilterContextCustomizer@39e89201, org.springframework.boot.test.mock.mockito.MockitoContextCustomizer@0, org.springframework.boot.test.autoconfigure.properties.PropertyMappingContextCustomizer@0, org.springframework.boot.test.autoconfigure.web.servlet.WebDriverContextCustomizerFactory$Customizer@1d9b6825], resourceBasePath = 'src/main/webapp', contextLoader = 'org.springframework.boot.test.context.SpringBootContextLoader', parent = [null]]].
2017-04-05 20:56:44.090  INFO 4172 --- [    Test worker] o.s.t.c.transaction.TransactionContext   : Began transaction (1) for test context [DefaultTestContext@6c31616f testClass = LoginServiceTest, testInstance = br.com.rbarbioni.bluebank.service.LoginServiceTest@1736c5da, testMethod = login@LoginServiceTest, testException = [null], mergedContextConfiguration = [WebMergedContextConfiguration@7ca8dc4 testClass = LoginServiceTest, locations = '{}', classes = '{class br.com.rbarbioni.bluebank.Application}', contextInitializerClasses = '[]', activeProfiles = '{}', propertySourceLocations = '{}', propertySourceProperties = '{org.springframework.boot.test.context.SpringBootTestContextBootstrapper=true}', contextCustomizers = set[org.springframework.boot.test.context.SpringBootTestContextCustomizer@1fbfa2d3, org.springframework.boot.test.context.filter.ExcludeFilterContextCustomizer@39e89201, org.springframework.boot.test.mock.mockito.MockitoContextCustomizer@0, org.springframework.boot.test.autoconfigure.properties.PropertyMappingContextCustomizer@0, org.springframework.boot.test.autoconfigure.web.servlet.WebDriverContextCustomizerFactory$Customizer@1d9b6825], resourceBasePath = 'src/main/webapp', contextLoader = 'org.springframework.boot.test.context.SpringBootContextLoader', parent = [null]]]; transaction manager [org.springframework.orm.jpa.JpaTransactionManager@3b6858c1]; rollback [true]
2017-04-05 20:56:44.120 DEBUG 4172 --- [    Test worker] org.hibernate.SQL                        : select account0_.id as id1_0_, account0_.created_date as created_2_0_, account0_.modified_date as modified3_0_, account0_.agencia as agencia4_0_, account0_.cpf as cpf5_0_, account0_.numero as numero6_0_, account0_.password as password7_0_, account0_.saldo as saldo8_0_ from account account0_ where account0_.cpf=? and account0_.agencia=? and account0_.numero=?
Hibernate: select account0_.id as id1_0_, account0_.created_date as created_2_0_, account0_.modified_date as modified3_0_, account0_.agencia as agencia4_0_, account0_.cpf as cpf5_0_, account0_.numero as numero6_0_, account0_.password as password7_0_, account0_.saldo as saldo8_0_ from account account0_ where account0_.cpf=? and account0_.agencia=? and account0_.numero=?
2017-04-05 20:56:44.220  INFO 4172 --- [    Test worker] o.s.t.c.transaction.TransactionContext   : Rolled back transaction for test context [DefaultTestContext@6c31616f testClass = LoginServiceTest, testInstance = br.com.rbarbioni.bluebank.service.LoginServiceTest@1736c5da, testMethod = login@LoginServiceTest, testException = [null], mergedContextConfiguration = [WebMergedContextConfiguration@7ca8dc4 testClass = LoginServiceTest, locations = '{}', classes = '{class br.com.rbarbioni.bluebank.Application}', contextInitializerClasses = '[]', activeProfiles = '{}', propertySourceLocations = '{}', propertySourceProperties = '{org.springframework.boot.test.context.SpringBootTestContextBootstrapper=true}', contextCustomizers = set[org.springframework.boot.test.context.SpringBootTestContextCustomizer@1fbfa2d3, org.springframework.boot.test.context.filter.ExcludeFilterContextCustomizer@39e89201, org.springframework.boot.test.mock.mockito.MockitoContextCustomizer@0, org.springframework.boot.test.autoconfigure.properties.PropertyMappingContextCustomizer@0, org.springframework.boot.test.autoconfigure.web.servlet.WebDriverContextCustomizerFactory$Customizer@1d9b6825], resourceBasePath = 'src/main/webapp', contextLoader = 'org.springframework.boot.test.context.SpringBootContextLoader', parent = [null]]].
2017-04-05 20:56:44.256  INFO 4172 --- [    Test worker] o.s.t.c.transaction.TransactionContext   : Began transaction (1) for test context [DefaultTestContext@6c31616f testClass = LoginServiceTest, testInstance = br.com.rbarbioni.bluebank.service.LoginServiceTest@3df616d2, testMethod = loginSenhaInvalido@LoginServiceTest, testException = [null], mergedContextConfiguration = [WebMergedContextConfiguration@7ca8dc4 testClass = LoginServiceTest, locations = '{}', classes = '{class br.com.rbarbioni.bluebank.Application}', contextInitializerClasses = '[]', activeProfiles = '{}', propertySourceLocations = '{}', propertySourceProperties = '{org.springframework.boot.test.context.SpringBootTestContextBootstrapper=true}', contextCustomizers = set[org.springframework.boot.test.context.SpringBootTestContextCustomizer@1fbfa2d3, org.springframework.boot.test.context.filter.ExcludeFilterContextCustomizer@39e89201, org.springframework.boot.test.mock.mockito.MockitoContextCustomizer@0, org.springframework.boot.test.autoconfigure.properties.PropertyMappingContextCustomizer@0, org.springframework.boot.test.autoconfigure.web.servlet.WebDriverContextCustomizerFactory$Customizer@1d9b6825], resourceBasePath = 'src/main/webapp', contextLoader = 'org.springframework.boot.test.context.SpringBootContextLoader', parent = [null]]]; transaction manager [org.springframework.orm.jpa.JpaTransactionManager@3b6858c1]; rollback [true]
2017-04-05 20:56:44.282 DEBUG 4172 --- [    Test worker] org.hibernate.SQL                        : select account0_.id as id1_0_, account0_.created_date as created_2_0_, account0_.modified_date as modified3_0_, account0_.agencia as agencia4_0_, account0_.cpf as cpf5_0_, account0_.numero as numero6_0_, account0_.password as password7_0_, account0_.saldo as saldo8_0_ from account account0_ where account0_.cpf=? and account0_.agencia=? and account0_.numero=?
Hibernate: select account0_.id as id1_0_, account0_.created_date as created_2_0_, account0_.modified_date as modified3_0_, account0_.agencia as agencia4_0_, account0_.cpf as cpf5_0_, account0_.numero as numero6_0_, account0_.password as password7_0_, account0_.saldo as saldo8_0_ from account account0_ where account0_.cpf=? and account0_.agencia=? and account0_.numero=?
2017-04-05 20:56:44.336  INFO 4172 --- [    Test worker] o.s.t.c.transaction.TransactionContext   : Rolled back transaction for test context [DefaultTestContext@6c31616f testClass = LoginServiceTest, testInstance = br.com.rbarbioni.bluebank.service.LoginServiceTest@3df616d2, testMethod = loginSenhaInvalido@LoginServiceTest, testException = [null], mergedContextConfiguration = [WebMergedContextConfiguration@7ca8dc4 testClass = LoginServiceTest, locations = '{}', classes = '{class br.com.rbarbioni.bluebank.Application}', contextInitializerClasses = '[]', activeProfiles = '{}', propertySourceLocations = '{}', propertySourceProperties = '{org.springframework.boot.test.context.SpringBootTestContextBootstrapper=true}', contextCustomizers = set[org.springframework.boot.test.context.SpringBootTestContextCustomizer@1fbfa2d3, org.springframework.boot.test.context.filter.ExcludeFilterContextCustomizer@39e89201, org.springframework.boot.test.mock.mockito.MockitoContextCustomizer@0, org.springframework.boot.test.autoconfigure.properties.PropertyMappingContextCustomizer@0, org.springframework.boot.test.autoconfigure.web.servlet.WebDriverContextCustomizerFactory$Customizer@1d9b6825], resourceBasePath = 'src/main/webapp', contextLoader = 'org.springframework.boot.test.context.SpringBootContextLoader', parent = [null]]].
]]></system-out>
  <system-err><![CDATA[]]></system-err>
</testsuite>
