<?xml version="1.0" encoding="UTF-8"?>
<testsuite name="br.com.rbarbioni.bluebank.ServletInitializerTest" tests="1" skipped="0" failures="0" errors="0" timestamp="2017-04-05T23:56:44" hostname="DESKTOP-EV06N04" time="0.069">
  <properties/>
  <testcase name="test" classname="br.com.rbarbioni.bluebank.ServletInitializerTest" time="0.069"/>
  <system-out><![CDATA[]]></system-out>
  <system-err><![CDATA[]]></system-err>
</testsuite>
