<?xml version="1.0" encoding="UTF-8"?>
<testsuite name="br.com.rbarbioni.bluebank.secure.JWTServiceTest" tests="2" skipped="0" failures="0" errors="0" timestamp="2017-04-05T23:56:36" hostname="DESKTOP-EV06N04" time="0.156">
  <properties/>
  <testcase name="decodeTest" classname="br.com.rbarbioni.bluebank.secure.JWTServiceTest" time="0.106"/>
  <testcase name="encodeTest" classname="br.com.rbarbioni.bluebank.secure.JWTServiceTest" time="0.042"/>
  <system-out><![CDATA[2017-04-05 20:56:35.953  INFO 4172 --- [    Test worker] .b.t.c.SpringBootTestContextBootstrapper : Neither @ContextConfiguration nor @ContextHierarchy found for test class [br.com.rbarbioni.bluebank.secure.JWTServiceTest], using SpringBootContextLoader
2017-04-05 20:56:35.979  INFO 4172 --- [    Test worker] o.s.t.c.support.AbstractContextLoader    : Could not detect default resource locations for test class [br.com.rbarbioni.bluebank.secure.JWTServiceTest]: no resource found for suffixes {-context.xml, Context.groovy}.
2017-04-05 20:56:35.987  INFO 4172 --- [    Test worker] t.c.s.AnnotationConfigContextLoaderUtils : Could not detect default configuration classes for test class [br.com.rbarbioni.bluebank.secure.JWTServiceTest]: JWTServiceTest does not declare any static, non-private, non-final, nested classes annotated with @Configuration.
2017-04-05 20:56:36.049  INFO 4172 --- [    Test worker] .b.t.c.SpringBootTestContextBootstrapper : Found @SpringBootConfiguration br.com.rbarbioni.bluebank.Application for test class br.com.rbarbioni.bluebank.secure.JWTServiceTest
2017-04-05 20:56:36.055 DEBUG 4172 --- [    Test worker] .b.t.c.SpringBootTestContextBootstrapper : @TestExecutionListeners is not present for class [br.com.rbarbioni.bluebank.secure.JWTServiceTest]: using defaults.
2017-04-05 20:56:36.076  INFO 4172 --- [    Test worker] .b.t.c.SpringBootTestContextBootstrapper : Loaded default TestExecutionListener class names from location [META-INF/spring.factories]: [org.springframework.boot.test.mock.mockito.MockitoTestExecutionListener, org.springframework.boot.test.mock.mockito.ResetMocksTestExecutionListener, org.springframework.boot.test.autoconfigure.restdocs.RestDocsTestExecutionListener, org.springframework.boot.test.autoconfigure.web.client.MockRestServiceServerResetTestExecutionListener, org.springframework.boot.test.autoconfigure.web.servlet.MockMvcPrintOnlyOnFailureTestExecutionListener, org.springframework.boot.test.autoconfigure.web.servlet.WebDriverTestExecutionListener, org.springframework.test.context.web.ServletTestExecutionListener, org.springframework.test.context.support.DirtiesContextBeforeModesTestExecutionListener, org.springframework.test.context.support.DependencyInjectionTestExecutionListener, org.springframework.test.context.support.DirtiesContextTestExecutionListener, org.springframework.test.context.transaction.TransactionalTestExecutionListener, org.springframework.test.context.jdbc.SqlScriptsTestExecutionListener]
2017-04-05 20:56:36.107  INFO 4172 --- [    Test worker] .b.t.c.SpringBootTestContextBootstrapper : Using TestExecutionListeners: [org.springframework.test.context.web.ServletTestExecutionListener@1ea2b985, org.springframework.test.context.support.DirtiesContextBeforeModesTestExecutionListener@2a87746, org.springframework.boot.test.autoconfigure.SpringBootDependencyInjectionTestExecutionListener@e8a9485, org.springframework.test.context.support.DirtiesContextTestExecutionListener@348ffbb1, org.springframework.test.context.transaction.TransactionalTestExecutionListener@3fea1234, org.springframework.test.context.jdbc.SqlScriptsTestExecutionListener@7e3950c8, org.springframework.boot.test.autoconfigure.web.client.MockRestServiceServerResetTestExecutionListener@244dcd36, org.springframework.boot.test.mock.mockito.ResetMocksTestExecutionListener@6fd4e87d, org.springframework.boot.test.autoconfigure.web.servlet.MockMvcPrintOnlyOnFailureTestExecutionListener@403c01, org.springframework.boot.test.autoconfigure.web.servlet.WebDriverTestExecutionListener@344b93d1, org.springframework.boot.test.mock.mockito.MockitoTestExecutionListener@7e25dc13, org.springframework.boot.test.autoconfigure.restdocs.RestDocsTestExecutionListener@36fa54aa]
]]></system-out>
  <system-err><![CDATA[]]></system-err>
</testsuite>
