<?xml version="1.0" encoding="UTF-8"?>
<testsuite name="br.com.rbarbioni.bluebank.util.CpfValidatorTest" tests="6" skipped="0" failures="0" errors="0" timestamp="2017-04-05T23:56:44" hostname="DESKTOP-EV06N04" time="0.038">
  <properties/>
  <testcase name="cpfValidTest" classname="br.com.rbarbioni.bluebank.util.CpfValidatorTest" time="0.004"/>
  <testcase name="cpfInalidWithMaskTest" classname="br.com.rbarbioni.bluebank.util.CpfValidatorTest" time="0.001"/>
  <testcase name="cpfValidWithMaskTest" classname="br.com.rbarbioni.bluebank.util.CpfValidatorTest" time="0.003"/>
  <testcase name="cpfInvalidTest" classname="br.com.rbarbioni.bluebank.util.CpfValidatorTest" time="0.001"/>
  <testcase name="cpfInalidNullTest" classname="br.com.rbarbioni.bluebank.util.CpfValidatorTest" time="0.006"/>
  <testcase name="cpfNotNumberTest" classname="br.com.rbarbioni.bluebank.util.CpfValidatorTest" time="0.001"/>
  <system-out><![CDATA[]]></system-out>
  <system-err><![CDATA[]]></system-err>
</testsuite>
