<?xml version="1.0" encoding="UTF-8"?>
<testsuite name="br.com.rbarbioni.bluebank.secure.SecurityHttpFilterTest" tests="5" skipped="0" failures="0" errors="0" timestamp="2017-04-05T23:56:36" hostname="DESKTOP-EV06N04" time="1.407">
  <properties/>
  <testcase name="dofilterUnsafePathTest" classname="br.com.rbarbioni.bluebank.secure.SecurityHttpFilterTest" time="0.944"/>
  <testcase name="dofilterTokenNullTest" classname="br.com.rbarbioni.bluebank.secure.SecurityHttpFilterTest" time="0.092"/>
  <testcase name="dofilterTokenExpiratedTest" classname="br.com.rbarbioni.bluebank.secure.SecurityHttpFilterTest" time="0.104"/>
  <testcase name="dofilterTest" classname="br.com.rbarbioni.bluebank.secure.SecurityHttpFilterTest" time="0.09"/>
  <testcase name="dofilterInvalidTokenTest" classname="br.com.rbarbioni.bluebank.secure.SecurityHttpFilterTest" time="0.132"/>
  <system-out><![CDATA[2017-04-05 20:56:36.362  INFO 4172 --- [    Test worker] .b.t.c.SpringBootTestContextBootstrapper : Neither @ContextConfiguration nor @ContextHierarchy found for test class [br.com.rbarbioni.bluebank.secure.SecurityHttpFilterTest], using SpringBootContextLoader
2017-04-05 20:56:36.367  INFO 4172 --- [    Test worker] o.s.t.c.support.AbstractContextLoader    : Could not detect default resource locations for test class [br.com.rbarbioni.bluebank.secure.SecurityHttpFilterTest]: no resource found for suffixes {-context.xml, Context.groovy}.
2017-04-05 20:56:36.369  INFO 4172 --- [    Test worker] t.c.s.AnnotationConfigContextLoaderUtils : Could not detect default configuration classes for test class [br.com.rbarbioni.bluebank.secure.SecurityHttpFilterTest]: SecurityHttpFilterTest does not declare any static, non-private, non-final, nested classes annotated with @Configuration.
2017-04-05 20:56:36.403  INFO 4172 --- [    Test worker] .b.t.c.SpringBootTestContextBootstrapper : Found @SpringBootConfiguration br.com.rbarbioni.bluebank.Application for test class br.com.rbarbioni.bluebank.secure.SecurityHttpFilterTest
2017-04-05 20:56:36.464 DEBUG 4172 --- [    Test worker] .b.t.c.SpringBootTestContextBootstrapper : @TestExecutionListeners is not present for class [br.com.rbarbioni.bluebank.secure.SecurityHttpFilterTest]: using defaults.
2017-04-05 20:56:36.478  INFO 4172 --- [    Test worker] .b.t.c.SpringBootTestContextBootstrapper : Loaded default TestExecutionListener class names from location [META-INF/spring.factories]: [org.springframework.boot.test.mock.mockito.MockitoTestExecutionListener, org.springframework.boot.test.mock.mockito.ResetMocksTestExecutionListener, org.springframework.boot.test.autoconfigure.restdocs.RestDocsTestExecutionListener, org.springframework.boot.test.autoconfigure.web.client.MockRestServiceServerResetTestExecutionListener, org.springframework.boot.test.autoconfigure.web.servlet.MockMvcPrintOnlyOnFailureTestExecutionListener, org.springframework.boot.test.autoconfigure.web.servlet.WebDriverTestExecutionListener, org.springframework.test.context.web.ServletTestExecutionListener, org.springframework.test.context.support.DirtiesContextBeforeModesTestExecutionListener, org.springframework.test.context.support.DependencyInjectionTestExecutionListener, org.springframework.test.context.support.DirtiesContextTestExecutionListener, org.springframework.test.context.transaction.TransactionalTestExecutionListener, org.springframework.test.context.jdbc.SqlScriptsTestExecutionListener]
2017-04-05 20:56:36.498  INFO 4172 --- [    Test worker] .b.t.c.SpringBootTestContextBootstrapper : Using TestExecutionListeners: [org.springframework.test.context.web.ServletTestExecutionListener@40ab7f26, org.springframework.test.context.support.DirtiesContextBeforeModesTestExecutionListener@982c525, org.springframework.boot.test.autoconfigure.SpringBootDependencyInjectionTestExecutionListener@59e9a94d, org.springframework.test.context.support.DirtiesContextTestExecutionListener@56fb6f7f, org.springframework.test.context.transaction.TransactionalTestExecutionListener@4d3278c9, org.springframework.test.context.jdbc.SqlScriptsTestExecutionListener@520627a7, org.springframework.boot.test.autoconfigure.web.client.MockRestServiceServerResetTestExecutionListener@46b14f6b, org.springframework.boot.test.mock.mockito.ResetMocksTestExecutionListener@4bbc5055, org.springframework.boot.test.autoconfigure.web.servlet.MockMvcPrintOnlyOnFailureTestExecutionListener@15168ddb, org.springframework.boot.test.autoconfigure.web.servlet.WebDriverTestExecutionListener@764ebbc1, org.springframework.boot.test.mock.mockito.MockitoTestExecutionListener@3a487874, org.springframework.boot.test.autoconfigure.restdocs.RestDocsTestExecutionListener@135fb990]
]]></system-out>
  <system-err><![CDATA[]]></system-err>
</testsuite>
