<?xml version="1.0" encoding="UTF-8"?>
<testsuite name="br.com.rbarbioni.bluebank.model.AccountTest" tests="5" skipped="0" failures="0" errors="0" timestamp="2017-04-05T23:56:08" hostname="DESKTOP-EV06N04" time="0.002">
  <properties/>
  <testcase name="notEqualsNullTest" classname="br.com.rbarbioni.bluebank.model.AccountTest" time="0.0"/>
  <testcase name="sacarAndDepositarTest" classname="br.com.rbarbioni.bluebank.model.AccountTest" time="0.001"/>
  <testcase name="gettersAndSetterTest" classname="br.com.rbarbioni.bluebank.model.AccountTest" time="0.0"/>
  <testcase name="notEqualsOtherObjectTest" classname="br.com.rbarbioni.bluebank.model.AccountTest" time="0.0"/>
  <testcase name="equalsTest" classname="br.com.rbarbioni.bluebank.model.AccountTest" time="0.0"/>
  <system-out><![CDATA[]]></system-out>
  <system-err><![CDATA[]]></system-err>
</testsuite>
