<?xml version="1.0" encoding="UTF-8"?>
<testsuite name="br.com.rbarbioni.bluebank.service.AccountServiceTest" tests="8" skipped="0" failures="0" errors="0" timestamp="2017-04-05T23:56:41" hostname="DESKTOP-EV06N04" time="2.298">
  <properties/>
  <testcase name="transferencia" classname="br.com.rbarbioni.bluebank.service.AccountServiceTest" time="1.327"/>
  <testcase name="depositar" classname="br.com.rbarbioni.bluebank.service.AccountServiceTest" time="0.083"/>
  <testcase name="findInvalidAccount" classname="br.com.rbarbioni.bluebank.service.AccountServiceTest" time="0.076"/>
  <testcase name="sacarSaldoInsuficiente" classname="br.com.rbarbioni.bluebank.service.AccountServiceTest" time="0.195"/>
  <testcase name="find" classname="br.com.rbarbioni.bluebank.service.AccountServiceTest" time="0.064"/>
  <testcase name="save" classname="br.com.rbarbioni.bluebank.service.AccountServiceTest" time="0.125"/>
  <testcase name="sacar" classname="br.com.rbarbioni.bluebank.service.AccountServiceTest" time="0.143"/>
  <testcase name="transferenciaContasOrigenEDestinoIguais" classname="br.com.rbarbioni.bluebank.service.AccountServiceTest" time="0.195"/>
  <system-out><![CDATA[2017-04-05 20:56:40.917  INFO 4172 --- [    Test worker] .b.t.c.SpringBootTestContextBootstrapper : Neither @ContextConfiguration nor @ContextHierarchy found for test class [br.com.rbarbioni.bluebank.service.AccountServiceTest], using SpringBootContextLoader
2017-04-05 20:56:40.922  INFO 4172 --- [    Test worker] o.s.t.c.support.AbstractContextLoader    : Could not detect default resource locations for test class [br.com.rbarbioni.bluebank.service.AccountServiceTest]: no resource found for suffixes {-context.xml, Context.groovy}.
2017-04-05 20:56:40.924  INFO 4172 --- [    Test worker] t.c.s.AnnotationConfigContextLoaderUtils : Could not detect default configuration classes for test class [br.com.rbarbioni.bluebank.service.AccountServiceTest]: AccountServiceTest does not declare any static, non-private, non-final, nested classes annotated with @Configuration.
2017-04-05 20:56:40.994  INFO 4172 --- [    Test worker] .b.t.c.SpringBootTestContextBootstrapper : Found @SpringBootConfiguration br.com.rbarbioni.bluebank.Application for test class br.com.rbarbioni.bluebank.service.AccountServiceTest
2017-04-05 20:56:41.001 DEBUG 4172 --- [    Test worker] .b.t.c.SpringBootTestContextBootstrapper : @TestExecutionListeners is not present for class [br.com.rbarbioni.bluebank.service.AccountServiceTest]: using defaults.
2017-04-05 20:56:41.019  INFO 4172 --- [    Test worker] .b.t.c.SpringBootTestContextBootstrapper : Loaded default TestExecutionListener class names from location [META-INF/spring.factories]: [org.springframework.boot.test.mock.mockito.MockitoTestExecutionListener, org.springframework.boot.test.mock.mockito.ResetMocksTestExecutionListener, org.springframework.boot.test.autoconfigure.restdocs.RestDocsTestExecutionListener, org.springframework.boot.test.autoconfigure.web.client.MockRestServiceServerResetTestExecutionListener, org.springframework.boot.test.autoconfigure.web.servlet.MockMvcPrintOnlyOnFailureTestExecutionListener, org.springframework.boot.test.autoconfigure.web.servlet.WebDriverTestExecutionListener, org.springframework.test.context.web.ServletTestExecutionListener, org.springframework.test.context.support.DirtiesContextBeforeModesTestExecutionListener, org.springframework.test.context.support.DependencyInjectionTestExecutionListener, org.springframework.test.context.support.DirtiesContextTestExecutionListener, org.springframework.test.context.transaction.TransactionalTestExecutionListener, org.springframework.test.context.jdbc.SqlScriptsTestExecutionListener]
2017-04-05 20:56:41.085  INFO 4172 --- [    Test worker] .b.t.c.SpringBootTestContextBootstrapper : Using TestExecutionListeners: [org.springframework.test.context.web.ServletTestExecutionListener@685e965d, org.springframework.test.context.support.DirtiesContextBeforeModesTestExecutionListener@56ce1e5e, org.springframework.boot.test.autoconfigure.SpringBootDependencyInjectionTestExecutionListener@a85bcc7, org.springframework.test.context.support.DirtiesContextTestExecutionListener@3adf3b8b, org.springframework.test.context.transaction.TransactionalTestExecutionListener@26afbef3, org.springframework.test.context.jdbc.SqlScriptsTestExecutionListener@356896, org.springframework.boot.test.autoconfigure.web.client.MockRestServiceServerResetTestExecutionListener@27719fd3, org.springframework.boot.test.mock.mockito.ResetMocksTestExecutionListener@6431ebd5, org.springframework.boot.test.autoconfigure.web.servlet.MockMvcPrintOnlyOnFailureTestExecutionListener@3f328986, org.springframework.boot.test.autoconfigure.web.servlet.WebDriverTestExecutionListener@1468372e, org.springframework.boot.test.mock.mockito.MockitoTestExecutionListener@3fccad77, org.springframework.boot.test.autoconfigure.restdocs.RestDocsTestExecutionListener@54c89618]
2017-04-05 20:56:41.303  INFO 4172 --- [    Test worker] o.s.t.c.transaction.TransactionContext   : Began transaction (1) for test context [DefaultTestContext@3e6a5fc8 testClass = AccountServiceTest, testInstance = br.com.rbarbioni.bluebank.service.AccountServiceTest@b80a69e, testMethod = transferencia@AccountServiceTest, testException = [null], mergedContextConfiguration = [WebMergedContextConfiguration@7f9d4bbe testClass = AccountServiceTest, locations = '{}', classes = '{class br.com.rbarbioni.bluebank.Application}', contextInitializerClasses = '[]', activeProfiles = '{}', propertySourceLocations = '{}', propertySourceProperties = '{org.springframework.boot.test.context.SpringBootTestContextBootstrapper=true}', contextCustomizers = set[org.springframework.boot.test.context.SpringBootTestContextCustomizer@1fbfa2d3, org.springframework.boot.test.context.filter.ExcludeFilterContextCustomizer@39e89201, org.springframework.boot.test.mock.mockito.MockitoContextCustomizer@0, org.springframework.boot.test.autoconfigure.properties.PropertyMappingContextCustomizer@0, org.springframework.boot.test.autoconfigure.web.servlet.WebDriverContextCustomizerFactory$Customizer@1d9b6825], resourceBasePath = 'src/main/webapp', contextLoader = 'org.springframework.boot.test.context.SpringBootContextLoader', parent = [null]]]; transaction manager [org.springframework.orm.jpa.JpaTransactionManager@3b6858c1]; rollback [true]
2017-04-05 20:56:41.340 DEBUG 4172 --- [    Test worker] org.hibernate.SQL                        : select account0_.id as id1_0_, account0_.created_date as created_2_0_, account0_.modified_date as modified3_0_, account0_.agencia as agencia4_0_, account0_.cpf as cpf5_0_, account0_.numero as numero6_0_, account0_.password as password7_0_, account0_.saldo as saldo8_0_ from account account0_ where account0_.cpf=? and account0_.agencia=? and account0_.numero=?
Hibernate: select account0_.id as id1_0_, account0_.created_date as created_2_0_, account0_.modified_date as modified3_0_, account0_.agencia as agencia4_0_, account0_.cpf as cpf5_0_, account0_.numero as numero6_0_, account0_.password as password7_0_, account0_.saldo as saldo8_0_ from account account0_ where account0_.cpf=? and account0_.agencia=? and account0_.numero=?
2017-04-05 20:56:41.370 DEBUG 4172 --- [    Test worker] org.hibernate.SQL                        : select account0_.id as id1_0_, account0_.created_date as created_2_0_, account0_.modified_date as modified3_0_, account0_.agencia as agencia4_0_, account0_.cpf as cpf5_0_, account0_.numero as numero6_0_, account0_.password as password7_0_, account0_.saldo as saldo8_0_ from account account0_ where account0_.cpf=? and account0_.agencia=? and account0_.numero=?
Hibernate: select account0_.id as id1_0_, account0_.created_date as created_2_0_, account0_.modified_date as modified3_0_, account0_.agencia as agencia4_0_, account0_.cpf as cpf5_0_, account0_.numero as numero6_0_, account0_.password as password7_0_, account0_.saldo as saldo8_0_ from account account0_ where account0_.cpf=? and account0_.agencia=? and account0_.numero=?
2017-04-05 20:56:41.403 DEBUG 4172 --- [    Test worker] org.hibernate.SQL                        : select account0_.id as id1_0_, account0_.created_date as created_2_0_, account0_.modified_date as modified3_0_, account0_.agencia as agencia4_0_, account0_.cpf as cpf5_0_, account0_.numero as numero6_0_, account0_.password as password7_0_, account0_.saldo as saldo8_0_ from account account0_ where account0_.cpf=? and account0_.agencia=? and account0_.numero=?
Hibernate: select account0_.id as id1_0_, account0_.created_date as created_2_0_, account0_.modified_date as modified3_0_, account0_.agencia as agencia4_0_, account0_.cpf as cpf5_0_, account0_.numero as numero6_0_, account0_.password as password7_0_, account0_.saldo as saldo8_0_ from account account0_ where account0_.cpf=? and account0_.agencia=? and account0_.numero=?
2017-04-05 20:56:41.431 DEBUG 4172 --- [    Test worker] org.hibernate.SQL                        : select account0_.id as id1_0_, account0_.created_date as created_2_0_, account0_.modified_date as modified3_0_, account0_.agencia as agencia4_0_, account0_.cpf as cpf5_0_, account0_.numero as numero6_0_, account0_.password as password7_0_, account0_.saldo as saldo8_0_ from account account0_ where account0_.cpf=? and account0_.agencia=? and account0_.numero=?
Hibernate: select account0_.id as id1_0_, account0_.created_date as created_2_0_, account0_.modified_date as modified3_0_, account0_.agencia as agencia4_0_, account0_.cpf as cpf5_0_, account0_.numero as numero6_0_, account0_.password as password7_0_, account0_.saldo as saldo8_0_ from account account0_ where account0_.cpf=? and account0_.agencia=? and account0_.numero=?
2017-04-05 20:56:41.529 DEBUG 4172 --- [    Test worker] org.hibernate.SQL                        : insert into account_history (id, created_date, modified_date, agencia, cpf, numero, operation, valor) values (null, ?, ?, ?, ?, ?, ?, ?)
Hibernate: insert into account_history (id, created_date, modified_date, agencia, cpf, numero, operation, valor) values (null, ?, ?, ?, ?, ?, ?, ?)
2017-04-05 20:56:41.570 DEBUG 4172 --- [    Test worker] org.hibernate.SQL                        : insert into account_history (id, created_date, modified_date, agencia, cpf, numero, operation, valor) values (null, ?, ?, ?, ?, ?, ?, ?)
Hibernate: insert into account_history (id, created_date, modified_date, agencia, cpf, numero, operation, valor) values (null, ?, ?, ?, ?, ?, ?, ?)
2017-04-05 20:56:42.453 DEBUG 4172 --- [    Test worker] org.hibernate.SQL                        : update account set created_date=?, modified_date=?, agencia=?, cpf=?, numero=?, password=?, saldo=? where id=?
Hibernate: update account set created_date=?, modified_date=?, agencia=?, cpf=?, numero=?, password=?, saldo=? where id=?
2017-04-05 20:56:42.528 DEBUG 4172 --- [    Test worker] org.hibernate.SQL                        : update account set created_date=?, modified_date=?, agencia=?, cpf=?, numero=?, password=?, saldo=? where id=?
Hibernate: update account set created_date=?, modified_date=?, agencia=?, cpf=?, numero=?, password=?, saldo=? where id=?
2017-04-05 20:56:42.550 DEBUG 4172 --- [    Test worker] org.hibernate.SQL                        : select account0_.id as id1_0_, account0_.created_date as created_2_0_, account0_.modified_date as modified3_0_, account0_.agencia as agencia4_0_, account0_.cpf as cpf5_0_, account0_.numero as numero6_0_, account0_.password as password7_0_, account0_.saldo as saldo8_0_ from account account0_ where account0_.cpf=? and account0_.agencia=? and account0_.numero=?
Hibernate: select account0_.id as id1_0_, account0_.created_date as created_2_0_, account0_.modified_date as modified3_0_, account0_.agencia as agencia4_0_, account0_.cpf as cpf5_0_, account0_.numero as numero6_0_, account0_.password as password7_0_, account0_.saldo as saldo8_0_ from account account0_ where account0_.cpf=? and account0_.agencia=? and account0_.numero=?
2017-04-05 20:56:42.611  INFO 4172 --- [    Test worker] o.s.t.c.transaction.TransactionContext   : Rolled back transaction for test context [DefaultTestContext@3e6a5fc8 testClass = AccountServiceTest, testInstance = br.com.rbarbioni.bluebank.service.AccountServiceTest@b80a69e, testMethod = transferencia@AccountServiceTest, testException = [null], mergedContextConfiguration = [WebMergedContextConfiguration@7f9d4bbe testClass = AccountServiceTest, locations = '{}', classes = '{class br.com.rbarbioni.bluebank.Application}', contextInitializerClasses = '[]', activeProfiles = '{}', propertySourceLocations = '{}', propertySourceProperties = '{org.springframework.boot.test.context.SpringBootTestContextBootstrapper=true}', contextCustomizers = set[org.springframework.boot.test.context.SpringBootTestContextCustomizer@1fbfa2d3, org.springframework.boot.test.context.filter.ExcludeFilterContextCustomizer@39e89201, org.springframework.boot.test.mock.mockito.MockitoContextCustomizer@0, org.springframework.boot.test.autoconfigure.properties.PropertyMappingContextCustomizer@0, org.springframework.boot.test.autoconfigure.web.servlet.WebDriverContextCustomizerFactory$Customizer@1d9b6825], resourceBasePath = 'src/main/webapp', contextLoader = 'org.springframework.boot.test.context.SpringBootContextLoader', parent = [null]]].
2017-04-05 20:56:42.654  INFO 4172 --- [    Test worker] o.s.t.c.transaction.TransactionContext   : Began transaction (1) for test context [DefaultTestContext@3e6a5fc8 testClass = AccountServiceTest, testInstance = br.com.rbarbioni.bluebank.service.AccountServiceTest@271d8051, testMethod = depositar@AccountServiceTest, testException = [null], mergedContextConfiguration = [WebMergedContextConfiguration@7f9d4bbe testClass = AccountServiceTest, locations = '{}', classes = '{class br.com.rbarbioni.bluebank.Application}', contextInitializerClasses = '[]', activeProfiles = '{}', propertySourceLocations = '{}', propertySourceProperties = '{org.springframework.boot.test.context.SpringBootTestContextBootstrapper=true}', contextCustomizers = set[org.springframework.boot.test.context.SpringBootTestContextCustomizer@1fbfa2d3, org.springframework.boot.test.context.filter.ExcludeFilterContextCustomizer@39e89201, org.springframework.boot.test.mock.mockito.MockitoContextCustomizer@0, org.springframework.boot.test.autoconfigure.properties.PropertyMappingContextCustomizer@0, org.springframework.boot.test.autoconfigure.web.servlet.WebDriverContextCustomizerFactory$Customizer@1d9b6825], resourceBasePath = 'src/main/webapp', contextLoader = 'org.springframework.boot.test.context.SpringBootContextLoader', parent = [null]]]; transaction manager [org.springframework.orm.jpa.JpaTransactionManager@3b6858c1]; rollback [true]
2017-04-05 20:56:42.677 DEBUG 4172 --- [    Test worker] org.hibernate.SQL                        : select account0_.id as id1_0_, account0_.created_date as created_2_0_, account0_.modified_date as modified3_0_, account0_.agencia as agencia4_0_, account0_.cpf as cpf5_0_, account0_.numero as numero6_0_, account0_.password as password7_0_, account0_.saldo as saldo8_0_ from account account0_ where account0_.cpf=? and account0_.agencia=? and account0_.numero=?
Hibernate: select account0_.id as id1_0_, account0_.created_date as created_2_0_, account0_.modified_date as modified3_0_, account0_.agencia as agencia4_0_, account0_.cpf as cpf5_0_, account0_.numero as numero6_0_, account0_.password as password7_0_, account0_.saldo as saldo8_0_ from account account0_ where account0_.cpf=? and account0_.agencia=? and account0_.numero=?
2017-04-05 20:56:42.716  INFO 4172 --- [    Test worker] o.s.t.c.transaction.TransactionContext   : Rolled back transaction for test context [DefaultTestContext@3e6a5fc8 testClass = AccountServiceTest, testInstance = br.com.rbarbioni.bluebank.service.AccountServiceTest@271d8051, testMethod = depositar@AccountServiceTest, testException = [null], mergedContextConfiguration = [WebMergedContextConfiguration@7f9d4bbe testClass = AccountServiceTest, locations = '{}', classes = '{class br.com.rbarbioni.bluebank.Application}', contextInitializerClasses = '[]', activeProfiles = '{}', propertySourceLocations = '{}', propertySourceProperties = '{org.springframework.boot.test.context.SpringBootTestContextBootstrapper=true}', contextCustomizers = set[org.springframework.boot.test.context.SpringBootTestContextCustomizer@1fbfa2d3, org.springframework.boot.test.context.filter.ExcludeFilterContextCustomizer@39e89201, org.springframework.boot.test.mock.mockito.MockitoContextCustomizer@0, org.springframework.boot.test.autoconfigure.properties.PropertyMappingContextCustomizer@0, org.springframework.boot.test.autoconfigure.web.servlet.WebDriverContextCustomizerFactory$Customizer@1d9b6825], resourceBasePath = 'src/main/webapp', contextLoader = 'org.springframework.boot.test.context.SpringBootContextLoader', parent = [null]]].
2017-04-05 20:56:42.743  INFO 4172 --- [    Test worker] o.s.t.c.transaction.TransactionContext   : Began transaction (1) for test context [DefaultTestContext@3e6a5fc8 testClass = AccountServiceTest, testInstance = br.com.rbarbioni.bluebank.service.AccountServiceTest@385dcf3c, testMethod = findInvalidAccount@AccountServiceTest, testException = [null], mergedContextConfiguration = [WebMergedContextConfiguration@7f9d4bbe testClass = AccountServiceTest, locations = '{}', classes = '{class br.com.rbarbioni.bluebank.Application}', contextInitializerClasses = '[]', activeProfiles = '{}', propertySourceLocations = '{}', propertySourceProperties = '{org.springframework.boot.test.context.SpringBootTestContextBootstrapper=true}', contextCustomizers = set[org.springframework.boot.test.context.SpringBootTestContextCustomizer@1fbfa2d3, org.springframework.boot.test.context.filter.ExcludeFilterContextCustomizer@39e89201, org.springframework.boot.test.mock.mockito.MockitoContextCustomizer@0, org.springframework.boot.test.autoconfigure.properties.PropertyMappingContextCustomizer@0, org.springframework.boot.test.autoconfigure.web.servlet.WebDriverContextCustomizerFactory$Customizer@1d9b6825], resourceBasePath = 'src/main/webapp', contextLoader = 'org.springframework.boot.test.context.SpringBootContextLoader', parent = [null]]]; transaction manager [org.springframework.orm.jpa.JpaTransactionManager@3b6858c1]; rollback [true]
2017-04-05 20:56:42.776 DEBUG 4172 --- [    Test worker] org.hibernate.SQL                        : select account0_.id as id1_0_, account0_.created_date as created_2_0_, account0_.modified_date as modified3_0_, account0_.agencia as agencia4_0_, account0_.cpf as cpf5_0_, account0_.numero as numero6_0_, account0_.password as password7_0_, account0_.saldo as saldo8_0_ from account account0_ where account0_.cpf=? and account0_.agencia=? and account0_.numero=?
Hibernate: select account0_.id as id1_0_, account0_.created_date as created_2_0_, account0_.modified_date as modified3_0_, account0_.agencia as agencia4_0_, account0_.cpf as cpf5_0_, account0_.numero as numero6_0_, account0_.password as password7_0_, account0_.saldo as saldo8_0_ from account account0_ where account0_.cpf=? and account0_.agencia=? and account0_.numero=?
2017-04-05 20:56:42.808  INFO 4172 --- [    Test worker] o.s.t.c.transaction.TransactionContext   : Rolled back transaction for test context [DefaultTestContext@3e6a5fc8 testClass = AccountServiceTest, testInstance = br.com.rbarbioni.bluebank.service.AccountServiceTest@385dcf3c, testMethod = findInvalidAccount@AccountServiceTest, testException = [null], mergedContextConfiguration = [WebMergedContextConfiguration@7f9d4bbe testClass = AccountServiceTest, locations = '{}', classes = '{class br.com.rbarbioni.bluebank.Application}', contextInitializerClasses = '[]', activeProfiles = '{}', propertySourceLocations = '{}', propertySourceProperties = '{org.springframework.boot.test.context.SpringBootTestContextBootstrapper=true}', contextCustomizers = set[org.springframework.boot.test.context.SpringBootTestContextCustomizer@1fbfa2d3, org.springframework.boot.test.context.filter.ExcludeFilterContextCustomizer@39e89201, org.springframework.boot.test.mock.mockito.MockitoContextCustomizer@0, org.springframework.boot.test.autoconfigure.properties.PropertyMappingContextCustomizer@0, org.springframework.boot.test.autoconfigure.web.servlet.WebDriverContextCustomizerFactory$Customizer@1d9b6825], resourceBasePath = 'src/main/webapp', contextLoader = 'org.springframework.boot.test.context.SpringBootContextLoader', parent = [null]]].
2017-04-05 20:56:42.830  INFO 4172 --- [    Test worker] o.s.t.c.transaction.TransactionContext   : Began transaction (1) for test context [DefaultTestContext@3e6a5fc8 testClass = AccountServiceTest, testInstance = br.com.rbarbioni.bluebank.service.AccountServiceTest@6f3bfb31, testMethod = sacarSaldoInsuficiente@AccountServiceTest, testException = [null], mergedContextConfiguration = [WebMergedContextConfiguration@7f9d4bbe testClass = AccountServiceTest, locations = '{}', classes = '{class br.com.rbarbioni.bluebank.Application}', contextInitializerClasses = '[]', activeProfiles = '{}', propertySourceLocations = '{}', propertySourceProperties = '{org.springframework.boot.test.context.SpringBootTestContextBootstrapper=true}', contextCustomizers = set[org.springframework.boot.test.context.SpringBootTestContextCustomizer@1fbfa2d3, org.springframework.boot.test.context.filter.ExcludeFilterContextCustomizer@39e89201, org.springframework.boot.test.mock.mockito.MockitoContextCustomizer@0, org.springframework.boot.test.autoconfigure.properties.PropertyMappingContextCustomizer@0, org.springframework.boot.test.autoconfigure.web.servlet.WebDriverContextCustomizerFactory$Customizer@1d9b6825], resourceBasePath = 'src/main/webapp', contextLoader = 'org.springframework.boot.test.context.SpringBootContextLoader', parent = [null]]]; transaction manager [org.springframework.orm.jpa.JpaTransactionManager@3b6858c1]; rollback [true]
2017-04-05 20:56:42.926 DEBUG 4172 --- [    Test worker] org.hibernate.SQL                        : select account0_.id as id1_0_, account0_.created_date as created_2_0_, account0_.modified_date as modified3_0_, account0_.agencia as agencia4_0_, account0_.cpf as cpf5_0_, account0_.numero as numero6_0_, account0_.password as password7_0_, account0_.saldo as saldo8_0_ from account account0_ where account0_.cpf=? and account0_.agencia=? and account0_.numero=?
Hibernate: select account0_.id as id1_0_, account0_.created_date as created_2_0_, account0_.modified_date as modified3_0_, account0_.agencia as agencia4_0_, account0_.cpf as cpf5_0_, account0_.numero as numero6_0_, account0_.password as password7_0_, account0_.saldo as saldo8_0_ from account account0_ where account0_.cpf=? and account0_.agencia=? and account0_.numero=?
2017-04-05 20:56:43.014  INFO 4172 --- [    Test worker] o.s.t.c.transaction.TransactionContext   : Rolled back transaction for test context [DefaultTestContext@3e6a5fc8 testClass = AccountServiceTest, testInstance = br.com.rbarbioni.bluebank.service.AccountServiceTest@6f3bfb31, testMethod = sacarSaldoInsuficiente@AccountServiceTest, testException = [null], mergedContextConfiguration = [WebMergedContextConfiguration@7f9d4bbe testClass = AccountServiceTest, locations = '{}', classes = '{class br.com.rbarbioni.bluebank.Application}', contextInitializerClasses = '[]', activeProfiles = '{}', propertySourceLocations = '{}', propertySourceProperties = '{org.springframework.boot.test.context.SpringBootTestContextBootstrapper=true}', contextCustomizers = set[org.springframework.boot.test.context.SpringBootTestContextCustomizer@1fbfa2d3, org.springframework.boot.test.context.filter.ExcludeFilterContextCustomizer@39e89201, org.springframework.boot.test.mock.mockito.MockitoContextCustomizer@0, org.springframework.boot.test.autoconfigure.properties.PropertyMappingContextCustomizer@0, org.springframework.boot.test.autoconfigure.web.servlet.WebDriverContextCustomizerFactory$Customizer@1d9b6825], resourceBasePath = 'src/main/webapp', contextLoader = 'org.springframework.boot.test.context.SpringBootContextLoader', parent = [null]]].
2017-04-05 20:56:43.043  INFO 4172 --- [    Test worker] o.s.t.c.transaction.TransactionContext   : Began transaction (1) for test context [DefaultTestContext@3e6a5fc8 testClass = AccountServiceTest, testInstance = br.com.rbarbioni.bluebank.service.AccountServiceTest@546750e0, testMethod = find@AccountServiceTest, testException = [null], mergedContextConfiguration = [WebMergedContextConfiguration@7f9d4bbe testClass = AccountServiceTest, locations = '{}', classes = '{class br.com.rbarbioni.bluebank.Application}', contextInitializerClasses = '[]', activeProfiles = '{}', propertySourceLocations = '{}', propertySourceProperties = '{org.springframework.boot.test.context.SpringBootTestContextBootstrapper=true}', contextCustomizers = set[org.springframework.boot.test.context.SpringBootTestContextCustomizer@1fbfa2d3, org.springframework.boot.test.context.filter.ExcludeFilterContextCustomizer@39e89201, org.springframework.boot.test.mock.mockito.MockitoContextCustomizer@0, org.springframework.boot.test.autoconfigure.properties.PropertyMappingContextCustomizer@0, org.springframework.boot.test.autoconfigure.web.servlet.WebDriverContextCustomizerFactory$Customizer@1d9b6825], resourceBasePath = 'src/main/webapp', contextLoader = 'org.springframework.boot.test.context.SpringBootContextLoader', parent = [null]]]; transaction manager [org.springframework.orm.jpa.JpaTransactionManager@3b6858c1]; rollback [true]
2017-04-05 20:56:43.063 DEBUG 4172 --- [    Test worker] org.hibernate.SQL                        : select account0_.id as id1_0_, account0_.created_date as created_2_0_, account0_.modified_date as modified3_0_, account0_.agencia as agencia4_0_, account0_.cpf as cpf5_0_, account0_.numero as numero6_0_, account0_.password as password7_0_, account0_.saldo as saldo8_0_ from account account0_ where account0_.cpf=? and account0_.agencia=? and account0_.numero=?
Hibernate: select account0_.id as id1_0_, account0_.created_date as created_2_0_, account0_.modified_date as modified3_0_, account0_.agencia as agencia4_0_, account0_.cpf as cpf5_0_, account0_.numero as numero6_0_, account0_.password as password7_0_, account0_.saldo as saldo8_0_ from account account0_ where account0_.cpf=? and account0_.agencia=? and account0_.numero=?
2017-04-05 20:56:43.097  INFO 4172 --- [    Test worker] o.s.t.c.transaction.TransactionContext   : Rolled back transaction for test context [DefaultTestContext@3e6a5fc8 testClass = AccountServiceTest, testInstance = br.com.rbarbioni.bluebank.service.AccountServiceTest@546750e0, testMethod = find@AccountServiceTest, testException = [null], mergedContextConfiguration = [WebMergedContextConfiguration@7f9d4bbe testClass = AccountServiceTest, locations = '{}', classes = '{class br.com.rbarbioni.bluebank.Application}', contextInitializerClasses = '[]', activeProfiles = '{}', propertySourceLocations = '{}', propertySourceProperties = '{org.springframework.boot.test.context.SpringBootTestContextBootstrapper=true}', contextCustomizers = set[org.springframework.boot.test.context.SpringBootTestContextCustomizer@1fbfa2d3, org.springframework.boot.test.context.filter.ExcludeFilterContextCustomizer@39e89201, org.springframework.boot.test.mock.mockito.MockitoContextCustomizer@0, org.springframework.boot.test.autoconfigure.properties.PropertyMappingContextCustomizer@0, org.springframework.boot.test.autoconfigure.web.servlet.WebDriverContextCustomizerFactory$Customizer@1d9b6825], resourceBasePath = 'src/main/webapp', contextLoader = 'org.springframework.boot.test.context.SpringBootContextLoader', parent = [null]]].
2017-04-05 20:56:43.130  INFO 4172 --- [    Test worker] o.s.t.c.transaction.TransactionContext   : Began transaction (1) for test context [DefaultTestContext@3e6a5fc8 testClass = AccountServiceTest, testInstance = br.com.rbarbioni.bluebank.service.AccountServiceTest@50b3b975, testMethod = save@AccountServiceTest, testException = [null], mergedContextConfiguration = [WebMergedContextConfiguration@7f9d4bbe testClass = AccountServiceTest, locations = '{}', classes = '{class br.com.rbarbioni.bluebank.Application}', contextInitializerClasses = '[]', activeProfiles = '{}', propertySourceLocations = '{}', propertySourceProperties = '{org.springframework.boot.test.context.SpringBootTestContextBootstrapper=true}', contextCustomizers = set[org.springframework.boot.test.context.SpringBootTestContextCustomizer@1fbfa2d3, org.springframework.boot.test.context.filter.ExcludeFilterContextCustomizer@39e89201, org.springframework.boot.test.mock.mockito.MockitoContextCustomizer@0, org.springframework.boot.test.autoconfigure.properties.PropertyMappingContextCustomizer@0, org.springframework.boot.test.autoconfigure.web.servlet.WebDriverContextCustomizerFactory$Customizer@1d9b6825], resourceBasePath = 'src/main/webapp', contextLoader = 'org.springframework.boot.test.context.SpringBootContextLoader', parent = [null]]]; transaction manager [org.springframework.orm.jpa.JpaTransactionManager@3b6858c1]; rollback [true]
2017-04-05 20:56:43.191 DEBUG 4172 --- [    Test worker] org.hibernate.SQL                        : insert into account (id, created_date, modified_date, agencia, cpf, numero, password, saldo) values (null, ?, ?, ?, ?, ?, ?, ?)
Hibernate: insert into account (id, created_date, modified_date, agencia, cpf, numero, password, saldo) values (null, ?, ?, ?, ?, ?, ?, ?)
2017-04-05 20:56:43.229  INFO 4172 --- [    Test worker] o.s.t.c.transaction.TransactionContext   : Rolled back transaction for test context [DefaultTestContext@3e6a5fc8 testClass = AccountServiceTest, testInstance = br.com.rbarbioni.bluebank.service.AccountServiceTest@50b3b975, testMethod = save@AccountServiceTest, testException = [null], mergedContextConfiguration = [WebMergedContextConfiguration@7f9d4bbe testClass = AccountServiceTest, locations = '{}', classes = '{class br.com.rbarbioni.bluebank.Application}', contextInitializerClasses = '[]', activeProfiles = '{}', propertySourceLocations = '{}', propertySourceProperties = '{org.springframework.boot.test.context.SpringBootTestContextBootstrapper=true}', contextCustomizers = set[org.springframework.boot.test.context.SpringBootTestContextCustomizer@1fbfa2d3, org.springframework.boot.test.context.filter.ExcludeFilterContextCustomizer@39e89201, org.springframework.boot.test.mock.mockito.MockitoContextCustomizer@0, org.springframework.boot.test.autoconfigure.properties.PropertyMappingContextCustomizer@0, org.springframework.boot.test.autoconfigure.web.servlet.WebDriverContextCustomizerFactory$Customizer@1d9b6825], resourceBasePath = 'src/main/webapp', contextLoader = 'org.springframework.boot.test.context.SpringBootContextLoader', parent = [null]]].
2017-04-05 20:56:43.265  INFO 4172 --- [    Test worker] o.s.t.c.transaction.TransactionContext   : Began transaction (1) for test context [DefaultTestContext@3e6a5fc8 testClass = AccountServiceTest, testInstance = br.com.rbarbioni.bluebank.service.AccountServiceTest@6820bb64, testMethod = sacar@AccountServiceTest, testException = [null], mergedContextConfiguration = [WebMergedContextConfiguration@7f9d4bbe testClass = AccountServiceTest, locations = '{}', classes = '{class br.com.rbarbioni.bluebank.Application}', contextInitializerClasses = '[]', activeProfiles = '{}', propertySourceLocations = '{}', propertySourceProperties = '{org.springframework.boot.test.context.SpringBootTestContextBootstrapper=true}', contextCustomizers = set[org.springframework.boot.test.context.SpringBootTestContextCustomizer@1fbfa2d3, org.springframework.boot.test.context.filter.ExcludeFilterContextCustomizer@39e89201, org.springframework.boot.test.mock.mockito.MockitoContextCustomizer@0, org.springframework.boot.test.autoconfigure.properties.PropertyMappingContextCustomizer@0, org.springframework.boot.test.autoconfigure.web.servlet.WebDriverContextCustomizerFactory$Customizer@1d9b6825], resourceBasePath = 'src/main/webapp', contextLoader = 'org.springframework.boot.test.context.SpringBootContextLoader', parent = [null]]]; transaction manager [org.springframework.orm.jpa.JpaTransactionManager@3b6858c1]; rollback [true]
2017-04-05 20:56:43.315 DEBUG 4172 --- [    Test worker] org.hibernate.SQL                        : select account0_.id as id1_0_, account0_.created_date as created_2_0_, account0_.modified_date as modified3_0_, account0_.agencia as agencia4_0_, account0_.cpf as cpf5_0_, account0_.numero as numero6_0_, account0_.password as password7_0_, account0_.saldo as saldo8_0_ from account account0_ where account0_.cpf=? and account0_.agencia=? and account0_.numero=?
Hibernate: select account0_.id as id1_0_, account0_.created_date as created_2_0_, account0_.modified_date as modified3_0_, account0_.agencia as agencia4_0_, account0_.cpf as cpf5_0_, account0_.numero as numero6_0_, account0_.password as password7_0_, account0_.saldo as saldo8_0_ from account account0_ where account0_.cpf=? and account0_.agencia=? and account0_.numero=?
2017-04-05 20:56:43.381  INFO 4172 --- [    Test worker] o.s.t.c.transaction.TransactionContext   : Rolled back transaction for test context [DefaultTestContext@3e6a5fc8 testClass = AccountServiceTest, testInstance = br.com.rbarbioni.bluebank.service.AccountServiceTest@6820bb64, testMethod = sacar@AccountServiceTest, testException = [null], mergedContextConfiguration = [WebMergedContextConfiguration@7f9d4bbe testClass = AccountServiceTest, locations = '{}', classes = '{class br.com.rbarbioni.bluebank.Application}', contextInitializerClasses = '[]', activeProfiles = '{}', propertySourceLocations = '{}', propertySourceProperties = '{org.springframework.boot.test.context.SpringBootTestContextBootstrapper=true}', contextCustomizers = set[org.springframework.boot.test.context.SpringBootTestContextCustomizer@1fbfa2d3, org.springframework.boot.test.context.filter.ExcludeFilterContextCustomizer@39e89201, org.springframework.boot.test.mock.mockito.MockitoContextCustomizer@0, org.springframework.boot.test.autoconfigure.properties.PropertyMappingContextCustomizer@0, org.springframework.boot.test.autoconfigure.web.servlet.WebDriverContextCustomizerFactory$Customizer@1d9b6825], resourceBasePath = 'src/main/webapp', contextLoader = 'org.springframework.boot.test.context.SpringBootContextLoader', parent = [null]]].
2017-04-05 20:56:43.401  INFO 4172 --- [    Test worker] o.s.t.c.transaction.TransactionContext   : Began transaction (1) for test context [DefaultTestContext@3e6a5fc8 testClass = AccountServiceTest, testInstance = br.com.rbarbioni.bluebank.service.AccountServiceTest@74618e6, testMethod = transferenciaContasOrigenEDestinoIguais@AccountServiceTest, testException = [null], mergedContextConfiguration = [WebMergedContextConfiguration@7f9d4bbe testClass = AccountServiceTest, locations = '{}', classes = '{class br.com.rbarbioni.bluebank.Application}', contextInitializerClasses = '[]', activeProfiles = '{}', propertySourceLocations = '{}', propertySourceProperties = '{org.springframework.boot.test.context.SpringBootTestContextBootstrapper=true}', contextCustomizers = set[org.springframework.boot.test.context.SpringBootTestContextCustomizer@1fbfa2d3, org.springframework.boot.test.context.filter.ExcludeFilterContextCustomizer@39e89201, org.springframework.boot.test.mock.mockito.MockitoContextCustomizer@0, org.springframework.boot.test.autoconfigure.properties.PropertyMappingContextCustomizer@0, org.springframework.boot.test.autoconfigure.web.servlet.WebDriverContextCustomizerFactory$Customizer@1d9b6825], resourceBasePath = 'src/main/webapp', contextLoader = 'org.springframework.boot.test.context.SpringBootContextLoader', parent = [null]]]; transaction manager [org.springframework.orm.jpa.JpaTransactionManager@3b6858c1]; rollback [true]
2017-04-05 20:56:43.416 DEBUG 4172 --- [    Test worker] org.hibernate.SQL                        : select account0_.id as id1_0_, account0_.created_date as created_2_0_, account0_.modified_date as modified3_0_, account0_.agencia as agencia4_0_, account0_.cpf as cpf5_0_, account0_.numero as numero6_0_, account0_.password as password7_0_, account0_.saldo as saldo8_0_ from account account0_ where account0_.cpf=? and account0_.agencia=? and account0_.numero=?
Hibernate: select account0_.id as id1_0_, account0_.created_date as created_2_0_, account0_.modified_date as modified3_0_, account0_.agencia as agencia4_0_, account0_.cpf as cpf5_0_, account0_.numero as numero6_0_, account0_.password as password7_0_, account0_.saldo as saldo8_0_ from account account0_ where account0_.cpf=? and account0_.agencia=? and account0_.numero=?
2017-04-05 20:56:43.439 DEBUG 4172 --- [    Test worker] org.hibernate.SQL                        : select account0_.id as id1_0_, account0_.created_date as created_2_0_, account0_.modified_date as modified3_0_, account0_.agencia as agencia4_0_, account0_.cpf as cpf5_0_, account0_.numero as numero6_0_, account0_.password as password7_0_, account0_.saldo as saldo8_0_ from account account0_ where account0_.cpf=? and account0_.agencia=? and account0_.numero=?
Hibernate: select account0_.id as id1_0_, account0_.created_date as created_2_0_, account0_.modified_date as modified3_0_, account0_.agencia as agencia4_0_, account0_.cpf as cpf5_0_, account0_.numero as numero6_0_, account0_.password as password7_0_, account0_.saldo as saldo8_0_ from account account0_ where account0_.cpf=? and account0_.agencia=? and account0_.numero=?
2017-04-05 20:56:43.458 DEBUG 4172 --- [    Test worker] org.hibernate.SQL                        : select account0_.id as id1_0_, account0_.created_date as created_2_0_, account0_.modified_date as modified3_0_, account0_.agencia as agencia4_0_, account0_.cpf as cpf5_0_, account0_.numero as numero6_0_, account0_.password as password7_0_, account0_.saldo as saldo8_0_ from account account0_ where account0_.cpf=? and account0_.agencia=? and account0_.numero=?
Hibernate: select account0_.id as id1_0_, account0_.created_date as created_2_0_, account0_.modified_date as modified3_0_, account0_.agencia as agencia4_0_, account0_.cpf as cpf5_0_, account0_.numero as numero6_0_, account0_.password as password7_0_, account0_.saldo as saldo8_0_ from account account0_ where account0_.cpf=? and account0_.agencia=? and account0_.numero=?
2017-04-05 20:56:43.518 DEBUG 4172 --- [    Test worker] org.hibernate.SQL                        : select account0_.id as id1_0_, account0_.created_date as created_2_0_, account0_.modified_date as modified3_0_, account0_.agencia as agencia4_0_, account0_.cpf as cpf5_0_, account0_.numero as numero6_0_, account0_.password as password7_0_, account0_.saldo as saldo8_0_ from account account0_ where account0_.cpf=? and account0_.agencia=? and account0_.numero=?
Hibernate: select account0_.id as id1_0_, account0_.created_date as created_2_0_, account0_.modified_date as modified3_0_, account0_.agencia as agencia4_0_, account0_.cpf as cpf5_0_, account0_.numero as numero6_0_, account0_.password as password7_0_, account0_.saldo as saldo8_0_ from account account0_ where account0_.cpf=? and account0_.agencia=? and account0_.numero=?
2017-04-05 20:56:43.587  INFO 4172 --- [    Test worker] o.s.t.c.transaction.TransactionContext   : Rolled back transaction for test context [DefaultTestContext@3e6a5fc8 testClass = AccountServiceTest, testInstance = br.com.rbarbioni.bluebank.service.AccountServiceTest@74618e6, testMethod = transferenciaContasOrigenEDestinoIguais@AccountServiceTest, testException = [null], mergedContextConfiguration = [WebMergedContextConfiguration@7f9d4bbe testClass = AccountServiceTest, locations = '{}', classes = '{class br.com.rbarbioni.bluebank.Application}', contextInitializerClasses = '[]', activeProfiles = '{}', propertySourceLocations = '{}', propertySourceProperties = '{org.springframework.boot.test.context.SpringBootTestContextBootstrapper=true}', contextCustomizers = set[org.springframework.boot.test.context.SpringBootTestContextCustomizer@1fbfa2d3, org.springframework.boot.test.context.filter.ExcludeFilterContextCustomizer@39e89201, org.springframework.boot.test.mock.mockito.MockitoContextCustomizer@0, org.springframework.boot.test.autoconfigure.properties.PropertyMappingContextCustomizer@0, org.springframework.boot.test.autoconfigure.web.servlet.WebDriverContextCustomizerFactory$Customizer@1d9b6825], resourceBasePath = 'src/main/webapp', contextLoader = 'org.springframework.boot.test.context.SpringBootContextLoader', parent = [null]]].
]]></system-out>
  <system-err><![CDATA[]]></system-err>
</testsuite>
