<?xml version="1.0" encoding="UTF-8"?>
<testsuite name="br.com.rbarbioni.bluebank.service.AccountHistoryServiceTest" tests="2" skipped="0" failures="0" errors="0" timestamp="2017-04-05T23:56:38" hostname="DESKTOP-EV06N04" time="2.458">
  <properties/>
  <testcase name="list" classname="br.com.rbarbioni.bluebank.service.AccountHistoryServiceTest" time="2.251"/>
  <testcase name="save" classname="br.com.rbarbioni.bluebank.service.AccountHistoryServiceTest" time="0.13"/>
  <system-out><![CDATA[2017-04-05 20:56:37.977  INFO 4172 --- [    Test worker] .b.t.c.SpringBootTestContextBootstrapper : Neither @ContextConfiguration nor @ContextHierarchy found for test class [br.com.rbarbioni.bluebank.service.AccountHistoryServiceTest], using SpringBootContextLoader
2017-04-05 20:56:37.984  INFO 4172 --- [    Test worker] o.s.t.c.support.AbstractContextLoader    : Could not detect default resource locations for test class [br.com.rbarbioni.bluebank.service.AccountHistoryServiceTest]: no resource found for suffixes {-context.xml, Context.groovy}.
2017-04-05 20:56:37.991  INFO 4172 --- [    Test worker] t.c.s.AnnotationConfigContextLoaderUtils : Could not detect default configuration classes for test class [br.com.rbarbioni.bluebank.service.AccountHistoryServiceTest]: AccountHistoryServiceTest does not declare any static, non-private, non-final, nested classes annotated with @Configuration.
2017-04-05 20:56:38.116  INFO 4172 --- [    Test worker] .b.t.c.SpringBootTestContextBootstrapper : Found @SpringBootConfiguration br.com.rbarbioni.bluebank.Application for test class br.com.rbarbioni.bluebank.service.AccountHistoryServiceTest
2017-04-05 20:56:38.131 DEBUG 4172 --- [    Test worker] .b.t.c.SpringBootTestContextBootstrapper : @TestExecutionListeners is not present for class [br.com.rbarbioni.bluebank.service.AccountHistoryServiceTest]: using defaults.
2017-04-05 20:56:38.153  INFO 4172 --- [    Test worker] .b.t.c.SpringBootTestContextBootstrapper : Loaded default TestExecutionListener class names from location [META-INF/spring.factories]: [org.springframework.boot.test.mock.mockito.MockitoTestExecutionListener, org.springframework.boot.test.mock.mockito.ResetMocksTestExecutionListener, org.springframework.boot.test.autoconfigure.restdocs.RestDocsTestExecutionListener, org.springframework.boot.test.autoconfigure.web.client.MockRestServiceServerResetTestExecutionListener, org.springframework.boot.test.autoconfigure.web.servlet.MockMvcPrintOnlyOnFailureTestExecutionListener, org.springframework.boot.test.autoconfigure.web.servlet.WebDriverTestExecutionListener, org.springframework.test.context.web.ServletTestExecutionListener, org.springframework.test.context.support.DirtiesContextBeforeModesTestExecutionListener, org.springframework.test.context.support.DependencyInjectionTestExecutionListener, org.springframework.test.context.support.DirtiesContextTestExecutionListener, org.springframework.test.context.transaction.TransactionalTestExecutionListener, org.springframework.test.context.jdbc.SqlScriptsTestExecutionListener]
2017-04-05 20:56:38.173  INFO 4172 --- [    Test worker] .b.t.c.SpringBootTestContextBootstrapper : Using TestExecutionListeners: [org.springframework.test.context.web.ServletTestExecutionListener@689661a4, org.springframework.test.context.support.DirtiesContextBeforeModesTestExecutionListener@77688c71, org.springframework.boot.test.autoconfigure.SpringBootDependencyInjectionTestExecutionListener@41db10d7, org.springframework.test.context.support.DirtiesContextTestExecutionListener@767290e3, org.springframework.test.context.transaction.TransactionalTestExecutionListener@2db254c8, org.springframework.test.context.jdbc.SqlScriptsTestExecutionListener@1e0a4e0b, org.springframework.boot.test.autoconfigure.web.client.MockRestServiceServerResetTestExecutionListener@74eb8b5, org.springframework.boot.test.mock.mockito.ResetMocksTestExecutionListener@65d9c537, org.springframework.boot.test.autoconfigure.web.servlet.MockMvcPrintOnlyOnFailureTestExecutionListener@5af2c950, org.springframework.boot.test.autoconfigure.web.servlet.WebDriverTestExecutionListener@16c4ae13, org.springframework.boot.test.mock.mockito.MockitoTestExecutionListener@643d376e, org.springframework.boot.test.autoconfigure.restdocs.RestDocsTestExecutionListener@4f66b6a3]
2017-04-05 20:56:38.428  INFO 4172 --- [    Test worker] o.s.t.c.transaction.TransactionContext   : Began transaction (1) for test context [DefaultTestContext@122d1a7 testClass = AccountHistoryServiceTest, testInstance = br.com.rbarbioni.bluebank.service.AccountHistoryServiceTest@37594313, testMethod = list@AccountHistoryServiceTest, testException = [null], mergedContextConfiguration = [WebMergedContextConfiguration@3125e56 testClass = AccountHistoryServiceTest, locations = '{}', classes = '{class br.com.rbarbioni.bluebank.Application}', contextInitializerClasses = '[]', activeProfiles = '{}', propertySourceLocations = '{}', propertySourceProperties = '{org.springframework.boot.test.context.SpringBootTestContextBootstrapper=true}', contextCustomizers = set[org.springframework.boot.test.context.SpringBootTestContextCustomizer@1fbfa2d3, org.springframework.boot.test.context.filter.ExcludeFilterContextCustomizer@39e89201, org.springframework.boot.test.mock.mockito.MockitoContextCustomizer@0, org.springframework.boot.test.autoconfigure.properties.PropertyMappingContextCustomizer@0, org.springframework.boot.test.autoconfigure.web.servlet.WebDriverContextCustomizerFactory$Customizer@1d9b6825], resourceBasePath = 'src/main/webapp', contextLoader = 'org.springframework.boot.test.context.SpringBootContextLoader', parent = [null]]]; transaction manager [org.springframework.orm.jpa.JpaTransactionManager@3b6858c1]; rollback [true]
2017-04-05 20:56:39.077 DEBUG 4172 --- [    Test worker] org.hibernate.SQL                        : select account0_.id as id1_0_, account0_.created_date as created_2_0_, account0_.modified_date as modified3_0_, account0_.agencia as agencia4_0_, account0_.cpf as cpf5_0_, account0_.numero as numero6_0_, account0_.password as password7_0_, account0_.saldo as saldo8_0_ from account account0_ where account0_.cpf=? and account0_.agencia=? and account0_.numero=?
Hibernate: select account0_.id as id1_0_, account0_.created_date as created_2_0_, account0_.modified_date as modified3_0_, account0_.agencia as agencia4_0_, account0_.cpf as cpf5_0_, account0_.numero as numero6_0_, account0_.password as password7_0_, account0_.saldo as saldo8_0_ from account account0_ where account0_.cpf=? and account0_.agencia=? and account0_.numero=?
2017-04-05 20:56:40.243 DEBUG 4172 --- [    Test worker] org.hibernate.SQL                        : insert into account_history (id, created_date, modified_date, agencia, cpf, numero, operation, valor) values (null, ?, ?, ?, ?, ?, ?, ?)
Hibernate: insert into account_history (id, created_date, modified_date, agencia, cpf, numero, operation, valor) values (null, ?, ?, ?, ?, ?, ?, ?)
2017-04-05 20:56:40.394 DEBUG 4172 --- [    Test worker] org.hibernate.SQL                        : select accounthis0_.id as id1_1_, accounthis0_.created_date as created_2_1_, accounthis0_.modified_date as modified3_1_, accounthis0_.agencia as agencia4_1_, accounthis0_.cpf as cpf5_1_, accounthis0_.numero as numero6_1_, accounthis0_.operation as operatio7_1_, accounthis0_.valor as valor8_1_ from account_history accounthis0_ where accounthis0_.cpf=? and accounthis0_.agencia=? and accounthis0_.numero=?
Hibernate: select accounthis0_.id as id1_1_, accounthis0_.created_date as created_2_1_, accounthis0_.modified_date as modified3_1_, accounthis0_.agencia as agencia4_1_, accounthis0_.cpf as cpf5_1_, accounthis0_.numero as numero6_1_, accounthis0_.operation as operatio7_1_, accounthis0_.valor as valor8_1_ from account_history accounthis0_ where accounthis0_.cpf=? and accounthis0_.agencia=? and accounthis0_.numero=?
2017-04-05 20:56:40.572  INFO 4172 --- [    Test worker] o.s.t.c.transaction.TransactionContext   : Rolled back transaction for test context [DefaultTestContext@122d1a7 testClass = AccountHistoryServiceTest, testInstance = br.com.rbarbioni.bluebank.service.AccountHistoryServiceTest@37594313, testMethod = list@AccountHistoryServiceTest, testException = [null], mergedContextConfiguration = [WebMergedContextConfiguration@3125e56 testClass = AccountHistoryServiceTest, locations = '{}', classes = '{class br.com.rbarbioni.bluebank.Application}', contextInitializerClasses = '[]', activeProfiles = '{}', propertySourceLocations = '{}', propertySourceProperties = '{org.springframework.boot.test.context.SpringBootTestContextBootstrapper=true}', contextCustomizers = set[org.springframework.boot.test.context.SpringBootTestContextCustomizer@1fbfa2d3, org.springframework.boot.test.context.filter.ExcludeFilterContextCustomizer@39e89201, org.springframework.boot.test.mock.mockito.MockitoContextCustomizer@0, org.springframework.boot.test.autoconfigure.properties.PropertyMappingContextCustomizer@0, org.springframework.boot.test.autoconfigure.web.servlet.WebDriverContextCustomizerFactory$Customizer@1d9b6825], resourceBasePath = 'src/main/webapp', contextLoader = 'org.springframework.boot.test.context.SpringBootContextLoader', parent = [null]]].
2017-04-05 20:56:40.670  INFO 4172 --- [    Test worker] o.s.t.c.transaction.TransactionContext   : Began transaction (1) for test context [DefaultTestContext@122d1a7 testClass = AccountHistoryServiceTest, testInstance = br.com.rbarbioni.bluebank.service.AccountHistoryServiceTest@5fdba5a4, testMethod = save@AccountHistoryServiceTest, testException = [null], mergedContextConfiguration = [WebMergedContextConfiguration@3125e56 testClass = AccountHistoryServiceTest, locations = '{}', classes = '{class br.com.rbarbioni.bluebank.Application}', contextInitializerClasses = '[]', activeProfiles = '{}', propertySourceLocations = '{}', propertySourceProperties = '{org.springframework.boot.test.context.SpringBootTestContextBootstrapper=true}', contextCustomizers = set[org.springframework.boot.test.context.SpringBootTestContextCustomizer@1fbfa2d3, org.springframework.boot.test.context.filter.ExcludeFilterContextCustomizer@39e89201, org.springframework.boot.test.mock.mockito.MockitoContextCustomizer@0, org.springframework.boot.test.autoconfigure.properties.PropertyMappingContextCustomizer@0, org.springframework.boot.test.autoconfigure.web.servlet.WebDriverContextCustomizerFactory$Customizer@1d9b6825], resourceBasePath = 'src/main/webapp', contextLoader = 'org.springframework.boot.test.context.SpringBootContextLoader', parent = [null]]]; transaction manager [org.springframework.orm.jpa.JpaTransactionManager@3b6858c1]; rollback [true]
2017-04-05 20:56:40.686 DEBUG 4172 --- [    Test worker] org.hibernate.SQL                        : select account0_.id as id1_0_, account0_.created_date as created_2_0_, account0_.modified_date as modified3_0_, account0_.agencia as agencia4_0_, account0_.cpf as cpf5_0_, account0_.numero as numero6_0_, account0_.password as password7_0_, account0_.saldo as saldo8_0_ from account account0_ where account0_.cpf=? and account0_.agencia=? and account0_.numero=?
Hibernate: select account0_.id as id1_0_, account0_.created_date as created_2_0_, account0_.modified_date as modified3_0_, account0_.agencia as agencia4_0_, account0_.cpf as cpf5_0_, account0_.numero as numero6_0_, account0_.password as password7_0_, account0_.saldo as saldo8_0_ from account account0_ where account0_.cpf=? and account0_.agencia=? and account0_.numero=?
2017-04-05 20:56:40.755 DEBUG 4172 --- [    Test worker] org.hibernate.SQL                        : insert into account_history (id, created_date, modified_date, agencia, cpf, numero, operation, valor) values (null, ?, ?, ?, ?, ?, ?, ?)
Hibernate: insert into account_history (id, created_date, modified_date, agencia, cpf, numero, operation, valor) values (null, ?, ?, ?, ?, ?, ?, ?)
2017-04-05 20:56:40.784  INFO 4172 --- [    Test worker] o.s.t.c.transaction.TransactionContext   : Rolled back transaction for test context [DefaultTestContext@122d1a7 testClass = AccountHistoryServiceTest, testInstance = br.com.rbarbioni.bluebank.service.AccountHistoryServiceTest@5fdba5a4, testMethod = save@AccountHistoryServiceTest, testException = [null], mergedContextConfiguration = [WebMergedContextConfiguration@3125e56 testClass = AccountHistoryServiceTest, locations = '{}', classes = '{class br.com.rbarbioni.bluebank.Application}', contextInitializerClasses = '[]', activeProfiles = '{}', propertySourceLocations = '{}', propertySourceProperties = '{org.springframework.boot.test.context.SpringBootTestContextBootstrapper=true}', contextCustomizers = set[org.springframework.boot.test.context.SpringBootTestContextCustomizer@1fbfa2d3, org.springframework.boot.test.context.filter.ExcludeFilterContextCustomizer@39e89201, org.springframework.boot.test.mock.mockito.MockitoContextCustomizer@0, org.springframework.boot.test.autoconfigure.properties.PropertyMappingContextCustomizer@0, org.springframework.boot.test.autoconfigure.web.servlet.WebDriverContextCustomizerFactory$Customizer@1d9b6825], resourceBasePath = 'src/main/webapp', contextLoader = 'org.springframework.boot.test.context.SpringBootContextLoader', parent = [null]]].
]]></system-out>
  <system-err><![CDATA[]]></system-err>
</testsuite>
